<?xml version="1.0" encoding="UTF-8"?>
<!-- Generated by org.testng.reporters.JUnitReportReporter -->
<testsuite hostname="MSI" failures="0" tests="1" name="Test.Actitime_Loginpage_Test" time="21.671" errors="0" timestamp="2023-09-13T18:36:09 IST" skipped="0">
  <testcase classname="Test.Actitime_Loginpage_Test" name="m" time="21.671"/>
  <system-out/>
</testsuite> <!-- Test.Actitime_Loginpage_Test -->
